<?xml version="1.0" encoding="UTF-8"?>
<!-- Generated by org.testng.reporters.JUnitXMLReporter -->
<testsuite ignored="0" hostname="harshs-MacBook-Pro.local" failures="0" tests="2" name="Default test" time="23.879" errors="0" timestamp="15 Jan 2022 08:30:32 GMT">
  <testcase classname="io.cucumber.testng.AbstractTestNGCucumberTests" name="runScenario" time="18.714"/>
  <testcase classname="io.cucumber.testng.AbstractTestNGCucumberTests" name="runScenario" time="20.934"/>
</testsuite> <!-- Default test -->
