<?xml version="1.0" encoding="UTF-8"?>
<testng-results ignored="0" total="2" passed="2" failed="0" skipped="0">
  <reporter-output>
  </reporter-output>
  <suite started-at="2022-01-15T08:30:03Z" name="Default suite" finished-at="2022-01-15T08:30:27Z" duration-ms="23879">
    <groups>
      <group name="cucumber">
        <method signature="AbstractTestNGCucumberTests.runScenario(io.cucumber.testng.PickleWrapper, io.cucumber.testng.FeatureWrapper)[pri:0, instance:parallel.ParallelRun@7ef82753]" name="runScenario" class="io.cucumber.testng.AbstractTestNGCucumberTests"/>
      </group> <!-- cucumber -->
    </groups>
    <test started-at="2022-01-15T08:30:03Z" name="Default test" finished-at="2022-01-15T08:30:27Z" duration-ms="23879">
      <class name="parallel.ParallelRun">
        <test-method is-config="true" signature="setUpClass()[pri:0, instance:parallel.ParallelRun@7ef82753]" started-at="2022-01-15T08:30:03Z" name="setUpClass" finished-at="2022-01-15T08:30:03Z" duration-ms="578" status="PASS">
          <reporter-output>
          </reporter-output>
        </test-method> <!-- setUpClass -->
        <test-method signature="runScenario(io.cucumber.testng.PickleWrapper, io.cucumber.testng.FeatureWrapper)[pri:0, instance:parallel.ParallelRun@7ef82753]" started-at="2022-01-15T08:30:03Z" name="runScenario" description="Runs Cucumber Scenarios" data-provider="scenarios" finished-at="2022-01-15T08:30:24Z" duration-ms="20934" status="PASS">
          <params>
            <param index="0">
              <value>
                <![CDATA["Check Cancelled Order Details"]]>
              </value>
            </param>
            <param index="1">
              <value>
                <![CDATA["Optional[Amazon Home Page]"]]>
              </value>
            </param>
          </params>
          <reporter-output>
          </reporter-output>
        </test-method> <!-- runScenario -->
        <test-method signature="runScenario(io.cucumber.testng.PickleWrapper, io.cucumber.testng.FeatureWrapper)[pri:0, instance:parallel.ParallelRun@7ef82753]" started-at="2022-01-15T08:30:03Z" name="runScenario" description="Runs Cucumber Scenarios" data-provider="scenarios" finished-at="2022-01-15T08:30:22Z" duration-ms="18714" status="PASS">
          <params>
            <param index="0">
              <value>
                <![CDATA["Check Previous Order Details"]]>
              </value>
            </param>
            <param index="1">
              <value>
                <![CDATA["Optional[Amazon Home Page]"]]>
              </value>
            </param>
          </params>
          <reporter-output>
          </reporter-output>
        </test-method> <!-- runScenario -->
        <test-method is-config="true" signature="tearDownClass()[pri:0, instance:parallel.ParallelRun@7ef82753]" started-at="2022-01-15T08:30:24Z" name="tearDownClass" finished-at="2022-01-15T08:30:27Z" duration-ms="2348" status="PASS">
          <reporter-output>
          </reporter-output>
        </test-method> <!-- tearDownClass -->
      </class> <!-- parallel.ParallelRun -->
    </test> <!-- Default test -->
  </suite> <!-- Default suite -->
</testng-results>
